Parsing...
Tests/vector.j
======= IR3 Program =======

======= CData3 ======= 

class Main123{
}

class Vector{
  Int y;
  Int x;
}

=======  CMtd3 ======= 

void main(Main123 this){
  Return;
}

void Vector_0(Vector this,Vector that){
  this.x=this.x;
  this.y=this.y;
}

void Vector_1(Vector this,Int x){
  this.x=this.x;
  this.y=this.y;
}

Int Vector_2(Vector this,Vector that){
  Int result;
  Int _t1;
  Int _t2;
  Int _t3;
  Int _t4;
  Int _t5;
  Int _t6;
  _t1=this.x;
  _t2=that.x;
  _t3=[_t1,_t2](*);
  result=[result,_t3](+);
  _t4=this.y;
  _t5=that.y;
  _t6=[_t4,_t5](*);
  result=[result,_t6](+);
  Return result;
}

Bool Vector_3(Vector this,Vector that){
  Bool _t7;
  Bool _t8;
  Int _t9;
  Int _t10;
  Bool _t11;
  Int _t12;
  Int _t13;
  Bool _t14;
  Bool _t15;
  _t7=[that,0](==);
  If(_t7) goto 1;
    goto 2;
Label 1:
  _t8=false;
  Return _t8;
    goto 3;
Label 2:
  _t9=this.x;
  _t10=that.x;
  _t11=[_t9,_t10](==);
  _t12=this.y;
  _t13=that.y;
  _t14=[_t12,_t13](==);
  _t15=[_t11,_t14](&&);
  Return _t15;
    goto 3;
Label 3:
}

Bool Vector_4(Vector this,Vector that){
  Bool _t16;
  Bool _t17;
  Int _t18;
  Int _t19;
  Bool _t20;
  Int _t21;
  Int _t22;
  Bool _t23;
  Bool _t24;
  _t16=[that,0](==);
  If(_t16) goto 4;
    goto 5;
Label 4:
  _t17=false;
  Return _t17;
    goto 6;
Label 5:
  _t18=this.x;
  _t19=that.x;
  _t20=[_t18,_t19](==);
  _t21=this.y;
  _t22=that.y;
  _t23=[_t21,_t22](==);
  _t24=[_t20,_t23](&&);
  Return _t24;
    goto 6;
Label 6:
}

Bool Vector_5(Vector this,Vector that){
  Bool _t25;
  Int _t26;
  Int _t27;
  Bool _t28;
  Bool _t29;
  Int _t30;
  Int _t31;
  Bool _t32;
  Bool _t33;
  _t25=[that,0](!=);
  _t26=this.x;
  _t27=that.x;
  _t28=[_t26,_t27](==);
  _t29=[_t25,_t28](&&);
  _t30=this.y;
  _t31=that.y;
  _t32=[_t30,_t31](==);
  _t33=[_t29,_t32](&&);
  Return _t33;
}

======= End of IR3 Program =======

